<?xml version='1.0'?>
<ns2:test-suite xmlns:ns2='urn:model.allure.qatools.yandex.ru' start='1642073106477' stop='1642073120640'>
    <name>Fixed things(texts,logo,title etc) present in the Set Pin Page - </name>
    <title>Fixed things(texts,logo,title etc) present in the Set Pin Page - </title>
    <test-cases>
        <test-case start='1642073106478' status='passed' stop='1642073109553'>
            <name>Student should get Login and Set Pin Page should get displayed</name>
            <title>Student should get Login and Set Pin Page should get displayed</title>
            <labels>
                <label name='language' value='javascript'/>
                <label name='framework' value='wdio'/>
                <label name='thread' value='0-0'/>
                <label name='language' value='javascript'/>
                <label name='framework' value='wdio'/>
                <label name='thread' value='0-0'/>
            </labels>
            <parameters>
                <parameter kind='argument' name='browser' value='chrome-97.0.4692.71'/>
                <parameter kind='argument' name='browser' value='chrome-97.0.4692.71'/>
            </parameters>
            <steps/>
            <attachments/>
        </test-case>
        <test-case start='1642073109553' status='failed' stop='1642073119692'>
            <name>Should verify the title</name>
            <title>Should verify the title</title>
            <labels>
                <label name='language' value='javascript'/>
                <label name='framework' value='wdio'/>
                <label name='thread' value='0-0'/>
                <label name='language' value='javascript'/>
                <label name='framework' value='wdio'/>
                <label name='thread' value='0-0'/>
            </labels>
            <parameters>
                <parameter kind='argument' name='browser' value='chrome-97.0.4692.71'/>
                <parameter kind='argument' name='browser' value='chrome-97.0.4692.71'/>
            </parameters>
            <steps/>
            <attachments/>
            <failure>
                <message>Expect window to have title
                
                Expected: undefined
                Received: "CTI App"</message>
                <stack-trace>Error: Expect window to have title
                
                Expected: undefined
                Received: "CTI App"
                    at Context.&lt;anonymous> (C:\Users\Atul Kumar\Desktop\WFH\CTI\CTI-Scripts\test\specs\setpin.js:6:29)
                    at Context.executeSync (C:\Users\Atul Kumar\Desktop\WFH\CTI\CTI-Scripts\node_modules\@wdio\sync\build\index.js:25:22)
                    at C:\Users\Atul Kumar\Desktop\WFH\CTI\CTI-Scripts\node_modules\@wdio\sync\build\index.js:46:68</stack-trace>
            </failure>
        </test-case>
        <test-case start='1642073119692' status='broken' stop='1642073120139'>
            <name>Logo should be displayed</name>
            <title>Logo should be displayed</title>
            <labels>
                <label name='language' value='javascript'/>
                <label name='framework' value='wdio'/>
                <label name='thread' value='0-0'/>
                <label name='language' value='javascript'/>
                <label name='framework' value='wdio'/>
                <label name='thread' value='0-0'/>
            </labels>
            <parameters>
                <parameter kind='argument' name='browser' value='chrome-97.0.4692.71'/>
                <parameter kind='argument' name='browser' value='chrome-97.0.4692.71'/>
            </parameters>
            <steps/>
            <attachments/>
            <failure>
                <message>SetPinPage is not defined</message>
                <stack-trace>ReferenceError: SetPinPage is not defined
                    at Context.&lt;anonymous> (C:\Users\Atul Kumar\Desktop\WFH\CTI\CTI-Scripts\test\specs\setpin.js:11:20)
                    at Context.executeSync (C:\Users\Atul Kumar\Desktop\WFH\CTI\CTI-Scripts\node_modules\@wdio\sync\build\index.js:25:22)
                    at C:\Users\Atul Kumar\Desktop\WFH\CTI\CTI-Scripts\node_modules\@wdio\sync\build\index.js:46:68</stack-trace>
            </failure>
        </test-case>
        <test-case start='1642073120139' status='broken' stop='1642073120537'>
            <name>Should display Set Pin text on the screen</name>
            <title>Should display Set Pin text on the screen</title>
            <labels>
                <label name='language' value='javascript'/>
                <label name='framework' value='wdio'/>
                <label name='thread' value='0-0'/>
                <label name='language' value='javascript'/>
                <label name='framework' value='wdio'/>
                <label name='thread' value='0-0'/>
                <label name='language' value='javascript'/>
                <label name='framework' value='wdio'/>
                <label name='thread' value='0-0'/>
                <label name='language' value='javascript'/>
                <label name='framework' value='wdio'/>
                <label name='thread' value='0-0'/>
                <label name='language' value='javascript'/>
                <label name='framework' value='wdio'/>
                <label name='thread' value='0-0'/>
                <label name='language' value='javascript'/>
                <label name='framework' value='wdio'/>
                <label name='thread' value='0-0'/>
            </labels>
            <parameters>
                <parameter kind='argument' name='browser' value='chrome-97.0.4692.71'/>
                <parameter kind='argument' name='browser' value='chrome-97.0.4692.71'/>
                <parameter kind='argument' name='browser' value='chrome-97.0.4692.71'/>
                <parameter kind='argument' name='browser' value='chrome-97.0.4692.71'/>
                <parameter kind='argument' name='browser' value='chrome-97.0.4692.71'/>
                <parameter kind='argument' name='browser' value='chrome-97.0.4692.71'/>
            </parameters>
            <steps/>
            <attachments/>
            <failure>
                <message>SetPinPage is not defined</message>
                <stack-trace>ReferenceError: SetPinPage is not defined
                    at Context.&lt;anonymous> (C:\Users\Atul Kumar\Desktop\WFH\CTI\CTI-Scripts\test\specs\setpin.js:26:20)
                    at Context.executeSync (C:\Users\Atul Kumar\Desktop\WFH\CTI\CTI-Scripts\node_modules\@wdio\sync\build\index.js:25:22)
                    at C:\Users\Atul Kumar\Desktop\WFH\CTI\CTI-Scripts\node_modules\@wdio\sync\build\index.js:46:68</stack-trace>
            </failure>
        </test-case>
        <test-case start='1642073120537' status='broken' stop='1642073120640'>
            <name>Enter Pin button should be disabled</name>
            <title>Enter Pin button should be disabled</title>
            <labels>
                <label name='language' value='javascript'/>
                <label name='framework' value='wdio'/>
                <label name='thread' value='0-0'/>
                <label name='language' value='javascript'/>
                <label name='framework' value='wdio'/>
                <label name='thread' value='0-0'/>
            </labels>
            <parameters>
                <parameter kind='argument' name='browser' value='chrome-97.0.4692.71'/>
                <parameter kind='argument' name='browser' value='chrome-97.0.4692.71'/>
            </parameters>
            <steps/>
            <attachments/>
            <failure>
                <message>SetPinPage is not defined</message>
                <stack-trace>ReferenceError: SetPinPage is not defined
                    at Context.&lt;anonymous> (C:\Users\Atul Kumar\Desktop\WFH\CTI\CTI-Scripts\test\specs\setpin.js:31:13)
                    at Context.executeSync (C:\Users\Atul Kumar\Desktop\WFH\CTI\CTI-Scripts\node_modules\@wdio\sync\build\index.js:25:22)
                    at C:\Users\Atul Kumar\Desktop\WFH\CTI\CTI-Scripts\node_modules\@wdio\sync\build\index.js:46:68</stack-trace>
            </failure>
        </test-case>
    </test-cases>
</ns2:test-suite>