<?xml version='1.0'?>
<ns2:test-suite xmlns:ns2='urn:model.allure.qatools.yandex.ru' start='1642069927108' stop='1642069981364'>
    <name>Fixed things(texts,logo,title etc) present in the Set Pin Page - </name>
    <title>Fixed things(texts,logo,title etc) present in the Set Pin Page - </title>
    <test-cases>
        <test-case start='1642069927108' status='failed' stop='1642069939957'>
            <name>Student should get Login and Set Pin Page should get displayed</name>
            <title>Student should get Login and Set Pin Page should get displayed</title>
            <labels>
                <label name='language' value='javascript'/>
                <label name='framework' value='wdio'/>
                <label name='thread' value='0-0'/>
                <label name='language' value='javascript'/>
                <label name='framework' value='wdio'/>
                <label name='thread' value='0-0'/>
            </labels>
            <parameters>
                <parameter kind='argument' name='browser' value='chrome-97.0.4692.71'/>
                <parameter kind='argument' name='browser' value='chrome-97.0.4692.71'/>
            </parameters>
            <steps/>
            <attachments/>
            <failure>
                <message>Expect window to have url
                
                Expected: "http://localhost:3000//set/pin"
                Received: "http://localhost:3000/"</message>
                <stack-trace>Error: Expect window to have url
                
                Expected: "http://localhost:3000//set/pin"
                Received: "http://localhost:3000/"
                    at Context.&lt;anonymous> (C:\Users\Atul Kumar\Desktop\WFH\CTI\CTI-Scripts\test\specs\login.js:100:29)
                    at Context.executeSync (C:\Users\Atul Kumar\Desktop\WFH\CTI\CTI-Scripts\node_modules\@wdio\sync\build\index.js:25:22)
                    at C:\Users\Atul Kumar\Desktop\WFH\CTI\CTI-Scripts\node_modules\@wdio\sync\build\index.js:46:68</stack-trace>
            </failure>
        </test-case>
        <test-case start='1642069939957' status='failed' stop='1642069950276'>
            <name>Should verify the title</name>
            <title>Should verify the title</title>
            <labels>
                <label name='language' value='javascript'/>
                <label name='framework' value='wdio'/>
                <label name='thread' value='0-0'/>
                <label name='language' value='javascript'/>
                <label name='framework' value='wdio'/>
                <label name='thread' value='0-0'/>
            </labels>
            <parameters>
                <parameter kind='argument' name='browser' value='chrome-97.0.4692.71'/>
                <parameter kind='argument' name='browser' value='chrome-97.0.4692.71'/>
            </parameters>
            <steps/>
            <attachments/>
            <failure>
                <message>Expect window to have title
                
                Expected: "CTI"
                Received: "CTI App"</message>
                <stack-trace>Error: Expect window to have title
                
                Expected: "CTI"
                Received: "CTI App"
                    at Context.&lt;anonymous> (C:\Users\Atul Kumar\Desktop\WFH\CTI\CTI-Scripts\test\specs\login.js:156:29)
                    at Context.executeSync (C:\Users\Atul Kumar\Desktop\WFH\CTI\CTI-Scripts\node_modules\@wdio\sync\build\index.js:25:22)
                    at C:\Users\Atul Kumar\Desktop\WFH\CTI\CTI-Scripts\node_modules\@wdio\sync\build\index.js:46:68</stack-trace>
            </failure>
        </test-case>
        <test-case start='1642069950276' status='passed' stop='1642069950489'>
            <name>Logo should be displayed</name>
            <title>Logo should be displayed</title>
            <labels>
                <label name='language' value='javascript'/>
                <label name='framework' value='wdio'/>
                <label name='thread' value='0-0'/>
                <label name='language' value='javascript'/>
                <label name='framework' value='wdio'/>
                <label name='thread' value='0-0'/>
            </labels>
            <parameters>
                <parameter kind='argument' name='browser' value='chrome-97.0.4692.71'/>
                <parameter kind='argument' name='browser' value='chrome-97.0.4692.71'/>
            </parameters>
            <steps/>
            <attachments/>
        </test-case>
        <test-case start='1642069950489' status='failed' stop='1642069981106'>
            <name>Should display Set Pin text on the screen</name>
            <title>Should display Set Pin text on the screen</title>
            <labels>
                <label name='language' value='javascript'/>
                <label name='framework' value='wdio'/>
                <label name='thread' value='0-0'/>
                <label name='language' value='javascript'/>
                <label name='framework' value='wdio'/>
                <label name='thread' value='0-0'/>
                <label name='language' value='javascript'/>
                <label name='framework' value='wdio'/>
                <label name='thread' value='0-0'/>
                <label name='language' value='javascript'/>
                <label name='framework' value='wdio'/>
                <label name='thread' value='0-0'/>
                <label name='language' value='javascript'/>
                <label name='framework' value='wdio'/>
                <label name='thread' value='0-0'/>
                <label name='language' value='javascript'/>
                <label name='framework' value='wdio'/>
                <label name='thread' value='0-0'/>
            </labels>
            <parameters>
                <parameter kind='argument' name='browser' value='chrome-97.0.4692.71'/>
                <parameter kind='argument' name='browser' value='chrome-97.0.4692.71'/>
                <parameter kind='argument' name='browser' value='chrome-97.0.4692.71'/>
                <parameter kind='argument' name='browser' value='chrome-97.0.4692.71'/>
                <parameter kind='argument' name='browser' value='chrome-97.0.4692.71'/>
                <parameter kind='argument' name='browser' value='chrome-97.0.4692.71'/>
            </parameters>
            <steps/>
            <attachments/>
            <failure>
                <message>Expect $(`p=You can add 2 step verification to login into your account`) to be displayed
                
                Expected: "displayed"
                Received: "not displayed"</message>
                <stack-trace>Error: Expect $(`p=You can add 2 step verification to login into your account`) to be displayed
                
                Expected: "displayed"
                Received: "not displayed"
                    at Context.&lt;anonymous> (C:\Users\Atul Kumar\Desktop\WFH\CTI\CTI-Scripts\test\specs\login.js:176:46)
                    at Context.executeSync (C:\Users\Atul Kumar\Desktop\WFH\CTI\CTI-Scripts\node_modules\@wdio\sync\build\index.js:25:22)
                    at C:\Users\Atul Kumar\Desktop\WFH\CTI\CTI-Scripts\node_modules\@wdio\sync\build\index.js:46:68</stack-trace>
            </failure>
        </test-case>
        <test-case start='1642069981107' status='passed' stop='1642069981363'>
            <name>Enter Pin button should be disabled</name>
            <title>Enter Pin button should be disabled</title>
            <labels>
                <label name='language' value='javascript'/>
                <label name='framework' value='wdio'/>
                <label name='thread' value='0-0'/>
                <label name='language' value='javascript'/>
                <label name='framework' value='wdio'/>
                <label name='thread' value='0-0'/>
            </labels>
            <parameters>
                <parameter kind='argument' name='browser' value='chrome-97.0.4692.71'/>
                <parameter kind='argument' name='browser' value='chrome-97.0.4692.71'/>
            </parameters>
            <steps/>
            <attachments/>
        </test-case>
    </test-cases>
</ns2:test-suite>